2025-03-06 08:58:23,727 [Worker-3: Loading available Gradle versions] INFO  o.e.b.c.i.u.g.PublishedGradleVersions - Gradle version information cache is not available. Remote download required.
2025-03-06 08:59:19,756 [Worker-9: Import Getting Started Content] INFO  o.e.m.c.i.l.LifecycleMappingFactory - Using org.eclipse.m2e.jdt.JarLifecycleMapping lifecycle mapping for MavenProject: com.example:StudentApp:0.0.1-SNAPSHOT @ D:\3rd YEAR\2nd Sem\E_commerce\Dayy3\StudentApp\pom.xml.
2025-03-06 08:59:26,099 [Worker-9: Import Getting Started Content] INFO  o.e.m.j.i.AbstractJavaProjectConfigurator - Adding source folder /StudentApp/src/main/java
2025-03-06 08:59:26,102 [Worker-9: Import Getting Started Content] INFO  o.e.m.j.i.AbstractJavaProjectConfigurator - Adding resource folder /StudentApp/src/main/resources
2025-03-06 08:59:26,111 [Worker-9: Import Getting Started Content] INFO  o.e.m.j.i.AbstractJavaProjectConfigurator - Adding resource folder /StudentApp/src/main/resources
2025-03-06 08:59:26,122 [Worker-9: Import Getting Started Content] INFO  o.e.m.j.i.AbstractJavaProjectConfigurator - Adding source folder /StudentApp/src/test/java
2025-03-06 08:59:26,124 [Worker-9: Import Getting Started Content] INFO  o.e.m.j.i.AbstractJavaProjectConfigurator - Adding resource folder /StudentApp/src/test/resources
2025-03-06 08:59:33,228 [Worker-9: Import Getting Started Content] INFO  o.e.m.c.i.p.ProjectConfigurationManager - Imported and configured 1 project(s) in 19 sec
2025-03-06 08:59:33,233 [Worker-9: Import Getting Started Content] INFO  o.e.m.c.i.p.ProjectConfigurationManager - Update started
2025-03-06 08:59:33,864 [Worker-9: Import Getting Started Content] INFO  o.e.m.c.i.l.LifecycleMappingFactory - Using org.eclipse.m2e.jdt.JarLifecycleMapping lifecycle mapping for MavenProject: com.example:StudentApp:0.0.1-SNAPSHOT @ D:\3rd YEAR\2nd Sem\E_commerce\Dayy3\StudentApp\pom.xml.
2025-03-06 08:59:35,518 [Worker-9: Import Getting Started Content] INFO  o.e.m.j.i.AbstractJavaProjectConfigurator - Adding source folder /StudentApp/src/main/java
2025-03-06 08:59:35,519 [Worker-9: Import Getting Started Content] INFO  o.e.m.j.i.AbstractJavaProjectConfigurator - Adding resource folder /StudentApp/src/main/resources
2025-03-06 08:59:35,520 [Worker-9: Import Getting Started Content] INFO  o.e.m.j.i.AbstractJavaProjectConfigurator - Adding resource folder /StudentApp/src/main/resources
2025-03-06 08:59:35,536 [Worker-9: Import Getting Started Content] INFO  o.e.m.j.i.AbstractJavaProjectConfigurator - Adding source folder /StudentApp/src/test/java
2025-03-06 08:59:35,537 [Worker-9: Import Getting Started Content] INFO  o.e.m.j.i.AbstractJavaProjectConfigurator - Adding resource folder /StudentApp/src/test/resources
2025-03-06 08:59:36,219 [Worker-9: Import Getting Started Content] INFO  o.e.m.c.i.p.ProjectConfigurationManager - Update completed for 1 poms: local refresh takes 0.00 sec, refresh facades takes 2.00 sec, update config takes 0.00 sec 
2025-03-06 08:59:37,367 [Worker-2: Building] INFO  o.a.m.s.f.DefaultMavenResourcesFiltering - Copying 1 resource from src\main\resources to target\classes
2025-03-06 08:59:37,390 [Worker-2: Building] INFO  o.a.m.s.f.DefaultMavenResourcesFiltering - Copying 0 resource from src\main\resources to target\classes
2025-03-06 08:59:37,396 [Worker-2: Building] INFO  o.a.m.s.f.DefaultMavenResourcesFiltering - skip non existing resourceDirectory D:\3rd YEAR\2nd Sem\E_commerce\Dayy3\StudentApp\src\test\resources
2025-03-06 09:03:35,828 [Worker-3: Building] INFO  o.a.m.s.f.DefaultMavenResourcesFiltering - Copying 1 resource from src\main\resources to target\classes
2025-03-06 09:03:35,851 [Worker-3: Building] INFO  o.a.m.s.f.DefaultMavenResourcesFiltering - Copying 0 resource from src\main\resources to target\classes
2025-03-06 09:03:35,870 [Worker-3: Building] INFO  o.a.m.s.f.DefaultMavenResourcesFiltering - skip non existing resourceDirectory D:\3rd YEAR\2nd Sem\E_commerce\Dayy3\StudentApp\src\test\resources
2025-03-06 09:05:41,052 [Worker-11: Building] INFO  o.e.m.c.i.l.LifecycleMappingFactory - Using org.eclipse.m2e.jdt.JarLifecycleMapping lifecycle mapping for MavenProject: com.example:StudentApp:0.0.1-SNAPSHOT @ D:\3rd YEAR\2nd Sem\E_commerce\Dayy3\StudentApp\pom.xml.
2025-03-06 09:05:49,048 [Worker-3: Building] INFO  o.a.m.s.f.DefaultMavenResourcesFiltering - Copying 1 resource from src\main\resources to target\classes
2025-03-06 09:05:49,084 [Worker-3: Building] INFO  o.a.m.s.f.DefaultMavenResourcesFiltering - Copying 0 resource from src\main\resources to target\classes
2025-03-06 09:05:49,093 [Worker-3: Building] INFO  o.a.m.s.f.DefaultMavenResourcesFiltering - skip non existing resourceDirectory D:\3rd YEAR\2nd Sem\E_commerce\Dayy3\StudentApp\src\test\resources
2025-03-06 09:07:12,320 [Worker-7: Building] INFO  o.a.m.s.f.DefaultMavenResourcesFiltering - Copying 1 resource from src\main\resources to target\classes
2025-03-06 09:07:12,328 [Worker-7: Building] INFO  o.a.m.s.f.DefaultMavenResourcesFiltering - Copying 0 resource from src\main\resources to target\classes
2025-03-06 09:07:12,331 [Worker-7: Building] INFO  o.a.m.s.f.DefaultMavenResourcesFiltering - skip non existing resourceDirectory D:\3rd YEAR\2nd Sem\E_commerce\Dayy3\StudentApp\src\test\resources
